# JRE version: OpenJDK Runtime Environment (11.0.12) (build 11.0.12+0-b1504.28-7817840)
# Java VM: OpenJDK 64-Bit Server VM (11.0.12+0-b1504.28-7817840, mixed mode, tiered, compressed oops, g1 gc, linux-amd64)
Heap:
 garbage-first heap   total 436224K, used 90131K [0x0000000080000000, 0x0000000100000000)
  region size 1024K, 1 young (1024K), 1 survivors (1024K)
 Metaspace       used 95693K, capacity 98013K, committed 98256K, reserved 1134592K
  class space    used 12262K, capacity 13083K, committed 13132K, reserved 1048576K
GC Heap History (20 events):
Event: 39.998 GC heap after
{Heap after GC invocations=19 (full 0):
 garbage-first heap   total 150528K, used 66444K [0x0000000080000000, 0x0000000100000000)
  region size 1024K, 9 young (9216K), 9 survivors (9216K)
 Metaspace       used 77422K, capacity 79314K, committed 79696K, reserved 1118208K
  class space    used 10156K, capacity 10829K, committed 10956K, reserved 1048576K
}
Event: 45.108 GC heap before
{Heap before GC invocations=19 (full 0):
 garbage-first heap   total 150528K, used 121740K [0x0000000080000000, 0x0000000100000000)
  region size 1024K, 64 young (65536K), 9 survivors (9216K)
 Metaspace       used 80337K, capacity 82497K, committed 82768K, reserved 1120256K
  class space    used 10612K, capacity 11401K, committed 11468K, reserved 1048576K
}
Event: 45.214 GC heap after
{Heap after GC invocations=20 (full 0):
 garbage-first heap   total 181248K, used 70378K [0x0000000080000000, 0x0000000100000000)
  region size 1024K, 8 young (8192K), 8 survivors (8192K)
 Metaspace       used 80337K, capacity 82497K, committed 82768K, reserved 1120256K
  class space    used 10612K, capacity 11401K, committed 11468K, reserved 1048576K
}
Event: 56.727 GC heap before
{Heap before GC invocations=20 (full 0):
 garbage-first heap   total 181248K, used 138986K [0x0000000080000000, 0x0000000100000000)
  region size 1024K, 76 young (77824K), 8 survivors (8192K)
 Metaspace       used 80984K, capacity 83198K, committed 83536K, reserved 1122304K
  class space    used 10648K, capacity 11424K, committed 11468K, reserved 1048576K
}
Event: 56.856 GC heap after
{Heap after GC invocations=21 (full 0):
 garbage-first heap   total 181248K, used 75988K [0x0000000080000000, 0x0000000100000000)
  region size 1024K, 9 young (9216K), 9 survivors (9216K)
 Metaspace       used 80984K, capacity 83198K, committed 83536K, reserved 1122304K
  class space    used 10648K, capacity 11424K, committed 11468K, reserved 1048576K
}
Event: 62.499 GC heap before
{Heap before GC invocations=21 (full 0):
 garbage-first heap   total 181248K, used 143572K [0x0000000080000000, 0x0000000100000000)
  region size 1024K, 75 young (76800K), 9 survivors (9216K)
 Metaspace       used 85068K, capacity 87313K, committed 87632K, reserved 1124352K
  class space    used 11120K, capacity 11927K, committed 11980K, reserved 1048576K
}
Event: 62.581 GC heap after
{Heap after GC invocations=22 (full 0):
 garbage-first heap   total 181248K, used 79059K [0x0000000080000000, 0x0000000100000000)
  region size 1024K, 8 young (8192K), 8 survivors (8192K)
 Metaspace       used 85068K, capacity 87313K, committed 87632K, reserved 1124352K
  class space    used 11120K, capacity 11927K, committed 11980K, reserved 1048576K
}
Event: 67.543 GC heap before
{Heap before GC invocations=22 (full 0):
 garbage-first heap   total 181248K, used 144595K [0x0000000080000000, 0x0000000100000000)
  region size 1024K, 73 young (74752K), 8 survivors (8192K)
 Metaspace       used 88716K, capacity 90985K, committed 91216K, reserved 1128448K
  class space    used 11561K, capacity 12384K, committed 12492K, reserved 1048576K
}
Event: 67.723 GC heap after
{Heap after GC invocations=23 (full 0):
 garbage-first heap   total 181248K, used 85280K [0x0000000080000000, 0x0000000100000000)
  region size 1024K, 9 young (9216K), 9 survivors (9216K)
 Metaspace       used 88716K, capacity 90985K, committed 91216K, reserved 1128448K
  class space    used 11561K, capacity 12384K, committed 12492K, reserved 1048576K
}
Event: 94.246 GC heap before
{Heap before GC invocations=23 (full 0):
 garbage-first heap   total 181248K, used 146720K [0x0000000080000000, 0x0000000100000000)
  region size 1024K, 70 young (71680K), 9 survivors (9216K)
 Metaspace       used 94909K, capacity 97228K, committed 97488K, reserved 1134592K
  class space    used 12257K, capacity 13095K, committed 13132K, reserved 1048576K
}
Event: 94.407 GC heap after
{Heap after GC invocations=24 (full 0):
 garbage-first heap   total 181248K, used 88981K [0x0000000080000000, 0x0000000100000000)
  region size 1024K, 4 young (4096K), 4 survivors (4096K)
 Metaspace       used 94909K, capacity 97228K, committed 97488K, reserved 1134592K
  class space    used 12257K, capacity 13095K, committed 13132K, reserved 1048576K
}
Event: 98.686 GC heap before
{Heap before GC invocations=24 (full 0):
 garbage-first heap   total 181248K, used 148373K [0x0000000080000000, 0x0000000100000000)
  region size 1024K, 63 young (64512K), 4 survivors (4096K)
 Metaspace       used 95572K, capacity 97858K, committed 98000K, reserved 1134592K
  class space    used 12266K, capacity 13098K, committed 13132K, reserved 1048576K
}
Event: 98.913 GC heap after
{Heap after GC invocations=25 (full 0):
 garbage-first heap   total 218112K, used 89221K [0x0000000080000000, 0x0000000100000000)
  region size 1024K, 5 young (5120K), 5 survivors (5120K)
 Metaspace       used 95572K, capacity 97858K, committed 98000K, reserved 1134592K
  class space    used 12266K, capacity 13098K, committed 13132K, reserved 1048576K
}
Event: 183.092 GC heap before
{Heap before GC invocations=26 (full 0):
 garbage-first heap   total 218112K, used 162949K [0x0000000080000000, 0x0000000100000000)
  region size 1024K, 78 young (79872K), 5 survivors (5120K)
 Metaspace       used 95682K, capacity 98013K, committed 98256K, reserved 1134592K
  class space    used 12261K, capacity 13083K, committed 13132K, reserved 1048576K
}
Event: 189.532 GC heap after
{Heap after GC invocations=27 (full 0):
 garbage-first heap   total 218112K, used 90205K [0x0000000080000000, 0x0000000100000000)
  region size 1024K, 6 young (6144K), 6 survivors (6144K)
 Metaspace       used 95682K, capacity 98013K, committed 98256K, reserved 1134592K
  class space    used 12261K, capacity 13083K, committed 13132K, reserved 1048576K
}
Event: 197.819 GC heap before
{Heap before GC invocations=27 (full 0):
 garbage-first heap   total 218112K, used 93277K [0x0000000080000000, 0x0000000100000000)
  region size 1024K, 10 young (10240K), 6 survivors (6144K)
 Metaspace       used 95682K, capacity 98013K, committed 98256K, reserved 1134592K
  class space    used 12261K, capacity 13083K, committed 13132K, reserved 1048576K
}
Event: 199.700 GC heap after
{Heap after GC invocations=28 (full 0):
 garbage-first heap   total 218112K, used 90661K [0x0000000080000000, 0x0000000100000000)
  region size 1024K, 1 young (1024K), 1 survivors (1024K)
 Metaspace       used 95682K, capacity 98013K, committed 98256K, reserved 1134592K
  class space    used 12261K, capacity 13083K, committed 13132K, reserved 1048576K
}
Event: 205.459 GC heap before
{Heap before GC invocations=28 (full 0):
 garbage-first heap   total 218112K, used 98853K [0x0000000080000000, 0x0000000100000000)
  region size 1024K, 10 young (10240K), 1 survivors (1024K)
 Metaspace       used 95686K, capacity 98013K, committed 98256K, reserved 1134592K
  class space    used 12262K, capacity 13083K, committed 13132K, reserved 1048576K
}
Event: 206.214 GC heap after
{Heap after GC invocations=29 (full 0):
 garbage-first heap   total 218112K, used 90124K [0x0000000080000000, 0x0000000100000000)
  region size 1024K, 1 young (1024K), 1 survivors (1024K)
 Metaspace       used 95686K, capacity 98013K, committed 98256K, reserved 1134592K
  class space    used 12262K, capacity 13083K, committed 13132K, reserved 1048576K
}
Event: 471.480 GC heap before
{Heap before GC invocations=29 (full 0):
 garbage-first heap   total 218112K, used 98316K [0x0000000080000000, 0x0000000100000000)
  region size 1024K, 10 young (10240K), 1 survivors (1024K)
 Metaspace       used 95693K, capacity 98013K, committed 98256K, reserved 1134592K
  class space    used 12262K, capacity 13083K, committed 13132K, reserved 1048576K
}

