# JRE version: OpenJDK Runtime Environment (11.0.12) (build 11.0.12+0-b1504.28-7817840)
# Java VM: OpenJDK 64-Bit Server VM (11.0.12+0-b1504.28-7817840, mixed mode, tiered, compressed oops, g1 gc, linux-amd64)
Heap:
 garbage-first heap   total 1029120K, used 219648K [0x0000000080000000, 0x0000000100000000)
  region size 1024K, 3 young (3072K), 3 survivors (3072K)
 Metaspace       used 138554K, capacity 142991K, committed 143272K, reserved 1173504K
  class space    used 17396K, capacity 18958K, committed 19020K, reserved 1048576K
GC Heap History (20 events):
Event: 142.551 GC heap after
{Heap after GC invocations=52 (full 0):
 garbage-first heap   total 357376K, used 166626K [0x0000000080000000, 0x0000000100000000)
  region size 1024K, 3 young (3072K), 3 survivors (3072K)
 Metaspace       used 127600K, capacity 131519K, committed 132136K, reserved 1165312K
  class space    used 15871K, capacity 17234K, committed 17356K, reserved 1048576K
}
Event: 142.725 GC heap before
{Heap before GC invocations=52 (full 0):
 garbage-first heap   total 357376K, used 179938K [0x0000000080000000, 0x0000000100000000)
  region size 1024K, 17 young (17408K), 3 survivors (3072K)
 Metaspace       used 127959K, capacity 131927K, committed 132392K, reserved 1165312K
  class space    used 15898K, capacity 17241K, committed 17356K, reserved 1048576K
}
Event: 142.751 GC heap after
{Heap after GC invocations=53 (full 0):
 garbage-first heap   total 357376K, used 155304K [0x0000000080000000, 0x0000000100000000)
  region size 1024K, 3 young (3072K), 3 survivors (3072K)
 Metaspace       used 127959K, capacity 131927K, committed 132392K, reserved 1165312K
  class space    used 15898K, capacity 17241K, committed 17356K, reserved 1048576K
}
Event: 143.654 GC heap before
{Heap before GC invocations=53 (full 0):
 garbage-first heap   total 357376K, used 268968K [0x0000000080000000, 0x0000000100000000)
  region size 1024K, 115 young (117760K), 3 survivors (3072K)
 Metaspace       used 128552K, capacity 132567K, committed 132904K, reserved 1165312K
  class space    used 15947K, capacity 17328K, committed 17356K, reserved 1048576K
}
Event: 143.699 GC heap after
{Heap after GC invocations=54 (full 0):
 garbage-first heap   total 357376K, used 163642K [0x0000000080000000, 0x0000000100000000)
  region size 1024K, 12 young (12288K), 12 survivors (12288K)
 Metaspace       used 128552K, capacity 132567K, committed 132904K, reserved 1165312K
  class space    used 15947K, capacity 17328K, committed 17356K, reserved 1048576K
}
Event: 144.082 GC heap before
{Heap before GC invocations=54 (full 0):
 garbage-first heap   total 357376K, used 275258K [0x0000000080000000, 0x0000000100000000)
  region size 1024K, 122 young (124928K), 12 survivors (12288K)
 Metaspace       used 128695K, capacity 132703K, committed 133032K, reserved 1165312K
  class space    used 15966K, capacity 17372K, committed 17484K, reserved 1048576K
}
Event: 144.098 GC heap after
{Heap after GC invocations=55 (full 0):
 garbage-first heap   total 357376K, used 164518K [0x0000000080000000, 0x0000000100000000)
  region size 1024K, 9 young (9216K), 9 survivors (9216K)
 Metaspace       used 128695K, capacity 132703K, committed 133032K, reserved 1165312K
  class space    used 15966K, capacity 17372K, committed 17484K, reserved 1048576K
}
Event: 144.651 GC heap before
{Heap before GC invocations=55 (full 0):
 garbage-first heap   total 357376K, used 280230K [0x0000000080000000, 0x0000000100000000)
  region size 1024K, 123 young (125952K), 9 survivors (9216K)
 Metaspace       used 129893K, capacity 133961K, committed 134184K, reserved 1165312K
  class space    used 16126K, capacity 17550K, committed 17612K, reserved 1048576K
}
Event: 144.669 GC heap after
{Heap after GC invocations=56 (full 0):
 garbage-first heap   total 357376K, used 173557K [0x0000000080000000, 0x0000000100000000)
  region size 1024K, 16 young (16384K), 16 survivors (16384K)
 Metaspace       used 129893K, capacity 133961K, committed 134184K, reserved 1165312K
  class space    used 16126K, capacity 17550K, committed 17612K, reserved 1048576K
}
Event: 145.109 GC heap before
{Heap before GC invocations=56 (full 0):
 garbage-first heap   total 357376K, used 288245K [0x0000000080000000, 0x0000000100000000)
  region size 1024K, 127 young (130048K), 16 survivors (16384K)
 Metaspace       used 130678K, capacity 134780K, committed 135080K, reserved 1167360K
  class space    used 16232K, capacity 17659K, committed 17740K, reserved 1048576K
}
Event: 145.164 GC heap after
{Heap after GC invocations=57 (full 0):
 garbage-first heap   total 357376K, used 178955K [0x0000000080000000, 0x0000000100000000)
  region size 1024K, 11 young (11264K), 11 survivors (11264K)
 Metaspace       used 130678K, capacity 134780K, committed 135080K, reserved 1167360K
  class space    used 16232K, capacity 17659K, committed 17740K, reserved 1048576K
}
Event: 146.066 GC heap before
{Heap before GC invocations=57 (full 0):
 garbage-first heap   total 357376K, used 286475K [0x0000000080000000, 0x0000000100000000)
  region size 1024K, 117 young (119808K), 11 survivors (11264K)
 Metaspace       used 133201K, capacity 137306K, committed 137512K, reserved 1169408K
  class space    used 16558K, capacity 18012K, committed 18124K, reserved 1048576K
}
Event: 146.102 GC heap after
{Heap after GC invocations=58 (full 0):
 garbage-first heap   total 507904K, used 196608K [0x0000000080000000, 0x0000000100000000)
  region size 1024K, 15 young (15360K), 15 survivors (15360K)
 Metaspace       used 133201K, capacity 137306K, committed 137512K, reserved 1169408K
  class space    used 16558K, capacity 18012K, committed 18124K, reserved 1048576K
}
Event: 147.379 GC heap before
{Heap before GC invocations=59 (full 0):
 garbage-first heap   total 507904K, used 364544K [0x0000000080000000, 0x0000000100000000)
  region size 1024K, 180 young (184320K), 15 survivors (15360K)
 Metaspace       used 137688K, capacity 142045K, committed 142376K, reserved 1173504K
  class space    used 17300K, capacity 18838K, committed 18892K, reserved 1048576K
}
Event: 147.751 GC heap after
{Heap after GC invocations=60 (full 0):
 garbage-first heap   total 507904K, used 217600K [0x0000000080000000, 0x0000000100000000)
  region size 1024K, 23 young (23552K), 23 survivors (23552K)
 Metaspace       used 137688K, capacity 142045K, committed 142376K, reserved 1173504K
  class space    used 17300K, capacity 18838K, committed 18892K, reserved 1048576K
}
Event: 148.689 GC heap before
{Heap before GC invocations=60 (full 0):
 garbage-first heap   total 507904K, used 378368K [0x0000000080000000, 0x0000000100000000)
  region size 1024K, 180 young (184320K), 23 survivors (23552K)
 Metaspace       used 138475K, capacity 142886K, committed 143016K, reserved 1173504K
  class space    used 17386K, capacity 18923K, committed 19020K, reserved 1048576K
}
Event: 149.122 GC heap after
{Heap after GC invocations=61 (full 0):
 garbage-first heap   total 507904K, used 219136K [0x0000000080000000, 0x0000000100000000)
  region size 1024K, 3 young (3072K), 3 survivors (3072K)
 Metaspace       used 138475K, capacity 142886K, committed 143016K, reserved 1173504K
  class space    used 17386K, capacity 18923K, committed 19020K, reserved 1048576K
}
Event: 149.575 GC heap before
{Heap before GC invocations=61 (full 0):
 garbage-first heap   total 507904K, used 386048K [0x0000000080000000, 0x0000000100000000)
  region size 1024K, 167 young (171008K), 3 survivors (3072K)
 Metaspace       used 138550K, capacity 142991K, committed 143272K, reserved 1173504K
  class space    used 17396K, capacity 18958K, committed 19020K, reserved 1048576K
}
Event: 150.100 GC heap after
{Heap after GC invocations=62 (full 0):
 garbage-first heap   total 507904K, used 219240K [0x0000000080000000, 0x0000000100000000)
  region size 1024K, 3 young (3072K), 3 survivors (3072K)
 Metaspace       used 138550K, capacity 142991K, committed 143272K, reserved 1173504K
  class space    used 17396K, capacity 18958K, committed 19020K, reserved 1048576K
}
Event: 150.624 GC heap before
{Heap before GC invocations=62 (full 0):
 garbage-first heap   total 507904K, used 357480K [0x0000000080000000, 0x0000000100000000)
  region size 1024K, 139 young (142336K), 3 survivors (3072K)
 Metaspace       used 138554K, capacity 142991K, committed 143272K, reserved 1173504K
  class space    used 17396K, capacity 18958K, committed 19020K, reserved 1048576K
}

