# JRE version: OpenJDK Runtime Environment (11.0.12) (build 11.0.12+0-b1504.28-7817840)
# Java VM: OpenJDK 64-Bit Server VM (11.0.12+0-b1504.28-7817840, mixed mode, tiered, compressed oops, g1 gc, linux-amd64)
Heap:
 garbage-first heap   total 1107968K, used 144756K [0x0000000080000000, 0x0000000100000000)
  region size 1024K, 2 young (2048K), 2 survivors (2048K)
 Metaspace       used 98388K, capacity 100896K, committed 101328K, reserved 1136640K
  class space    used 12829K, capacity 13752K, committed 13900K, reserved 1048576K
GC Heap History (20 events):
Event: 43.597 GC heap after
{Heap after GC invocations=42 (full 0):
 garbage-first heap   total 315392K, used 142245K [0x0000000080000000, 0x0000000100000000)
  region size 1024K, 4 young (4096K), 4 survivors (4096K)
 Metaspace       used 97635K, capacity 100196K, committed 100560K, reserved 1136640K
  class space    used 12818K, capacity 13747K, committed 13900K, reserved 1048576K
}
Event: 43.938 GC heap before
{Heap before GC invocations=42 (full 0):
 garbage-first heap   total 315392K, used 263077K [0x0000000080000000, 0x0000000100000000)
  region size 1024K, 122 young (124928K), 4 survivors (4096K)
 Metaspace       used 97936K, capacity 100460K, committed 100816K, reserved 1136640K
  class space    used 12818K, capacity 13747K, committed 13900K, reserved 1048576K
}
Event: 43.952 GC heap after
{Heap after GC invocations=43 (full 0):
 garbage-first heap   total 315392K, used 142627K [0x0000000080000000, 0x0000000100000000)
  region size 1024K, 5 young (5120K), 5 survivors (5120K)
 Metaspace       used 97936K, capacity 100460K, committed 100816K, reserved 1136640K
  class space    used 12818K, capacity 13747K, committed 13900K, reserved 1048576K
}
Event: 44.279 GC heap before
{Heap before GC invocations=43 (full 0):
 garbage-first heap   total 315392K, used 264483K [0x0000000080000000, 0x0000000100000000)
  region size 1024K, 124 young (126976K), 5 survivors (5120K)
 Metaspace       used 98169K, capacity 100682K, committed 101072K, reserved 1136640K
  class space    used 12824K, capacity 13748K, committed 13900K, reserved 1048576K
}
Event: 44.302 GC heap after
{Heap after GC invocations=44 (full 0):
 garbage-first heap   total 378880K, used 143049K [0x0000000080000000, 0x0000000100000000)
  region size 1024K, 5 young (5120K), 5 survivors (5120K)
 Metaspace       used 98169K, capacity 100682K, committed 101072K, reserved 1136640K
  class space    used 12824K, capacity 13748K, committed 13900K, reserved 1048576K
}
Event: 44.606 GC heap before
{Heap before GC invocations=44 (full 0):
 garbage-first heap   total 378880K, used 304841K [0x0000000080000000, 0x0000000100000000)
  region size 1024K, 163 young (166912K), 5 survivors (5120K)
 Metaspace       used 98221K, capacity 100684K, committed 101072K, reserved 1136640K
  class space    used 12824K, capacity 13748K, committed 13900K, reserved 1048576K
}
Event: 44.623 GC heap after
{Heap after GC invocations=45 (full 0):
 garbage-first heap   total 378880K, used 143116K [0x0000000080000000, 0x0000000100000000)
  region size 1024K, 5 young (5120K), 5 survivors (5120K)
 Metaspace       used 98221K, capacity 100684K, committed 101072K, reserved 1136640K
  class space    used 12824K, capacity 13748K, committed 13900K, reserved 1048576K
}
Event: 44.870 GC heap before
{Heap before GC invocations=45 (full 0):
 garbage-first heap   total 378880K, used 315148K [0x0000000080000000, 0x0000000100000000)
  region size 1024K, 173 young (177152K), 5 survivors (5120K)
 Metaspace       used 98262K, capacity 100750K, committed 101072K, reserved 1136640K
  class space    used 12824K, capacity 13748K, committed 13900K, reserved 1048576K
}
Event: 44.887 GC heap after
{Heap after GC invocations=46 (full 0):
 garbage-first heap   total 378880K, used 143971K [0x0000000080000000, 0x0000000100000000)
  region size 1024K, 6 young (6144K), 6 survivors (6144K)
 Metaspace       used 98262K, capacity 100750K, committed 101072K, reserved 1136640K
  class space    used 12824K, capacity 13748K, committed 13900K, reserved 1048576K
}
Event: 45.148 GC heap before
{Heap before GC invocations=46 (full 0):
 garbage-first heap   total 378880K, used 320099K [0x0000000080000000, 0x0000000100000000)
  region size 1024K, 178 young (182272K), 6 survivors (6144K)
 Metaspace       used 98312K, capacity 100816K, committed 101328K, reserved 1136640K
  class space    used 12827K, capacity 13748K, committed 13900K, reserved 1048576K
}
Event: 45.160 GC heap after
{Heap after GC invocations=47 (full 0):
 garbage-first heap   total 378880K, used 144065K [0x0000000080000000, 0x0000000100000000)
  region size 1024K, 6 young (6144K), 6 survivors (6144K)
 Metaspace       used 98312K, capacity 100816K, committed 101328K, reserved 1136640K
  class space    used 12827K, capacity 13748K, committed 13900K, reserved 1048576K
}
Event: 45.507 GC heap before
{Heap before GC invocations=47 (full 0):
 garbage-first heap   total 378880K, used 323265K [0x0000000080000000, 0x0000000100000000)
  region size 1024K, 181 young (185344K), 6 survivors (6144K)
 Metaspace       used 98382K, capacity 100896K, committed 101328K, reserved 1136640K
  class space    used 12829K, capacity 13752K, committed 13900K, reserved 1048576K
}
Event: 45.560 GC heap after
{Heap after GC invocations=48 (full 0):
 garbage-first heap   total 448512K, used 144883K [0x0000000080000000, 0x0000000100000000)
  region size 1024K, 7 young (7168K), 7 survivors (7168K)
 Metaspace       used 98382K, capacity 100896K, committed 101328K, reserved 1136640K
  class space    used 12829K, capacity 13752K, committed 13900K, reserved 1048576K
}
Event: 45.962 GC heap before
{Heap before GC invocations=48 (full 0):
 garbage-first heap   total 448512K, used 349683K [0x0000000080000000, 0x0000000100000000)
  region size 1024K, 208 young (212992K), 7 survivors (7168K)
 Metaspace       used 98387K, capacity 100896K, committed 101328K, reserved 1136640K
  class space    used 12829K, capacity 13752K, committed 13900K, reserved 1048576K
}
Event: 47.332 GC heap after
{Heap after GC invocations=49 (full 0):
 garbage-first heap   total 448512K, used 144875K [0x0000000080000000, 0x0000000100000000)
  region size 1024K, 6 young (6144K), 6 survivors (6144K)
 Metaspace       used 98387K, capacity 100896K, committed 101328K, reserved 1136640K
  class space    used 12829K, capacity 13752K, committed 13900K, reserved 1048576K
}
Event: 48.367 GC heap before
{Heap before GC invocations=49 (full 0):
 garbage-first heap   total 448512K, used 159211K [0x0000000080000000, 0x0000000100000000)
  region size 1024K, 21 young (21504K), 6 survivors (6144K)
 Metaspace       used 98387K, capacity 100896K, committed 101328K, reserved 1136640K
  class space    used 12829K, capacity 13752K, committed 13900K, reserved 1048576K
}
Event: 50.553 GC heap after
{Heap after GC invocations=50 (full 0):
 garbage-first heap   total 448512K, used 145192K [0x0000000080000000, 0x0000000100000000)
  region size 1024K, 2 young (2048K), 2 survivors (2048K)
 Metaspace       used 98387K, capacity 100896K, committed 101328K, reserved 1136640K
  class space    used 12829K, capacity 13752K, committed 13900K, reserved 1048576K
}
Event: 51.455 GC heap before
{Heap before GC invocations=50 (full 0):
 garbage-first heap   total 448512K, used 164648K [0x0000000080000000, 0x0000000100000000)
  region size 1024K, 21 young (21504K), 2 survivors (2048K)
 Metaspace       used 98388K, capacity 100896K, committed 101328K, reserved 1136640K
  class space    used 12829K, capacity 13752K, committed 13900K, reserved 1048576K
}
Event: 52.789 GC heap after
{Heap after GC invocations=51 (full 0):
 garbage-first heap   total 448512K, used 144773K [0x0000000080000000, 0x0000000100000000)
  region size 1024K, 2 young (2048K), 2 survivors (2048K)
 Metaspace       used 98388K, capacity 100896K, committed 101328K, reserved 1136640K
  class space    used 12829K, capacity 13752K, committed 13900K, reserved 1048576K
}
Event: 54.228 GC heap before
{Heap before GC invocations=51 (full 0):
 garbage-first heap   total 448512K, used 164229K [0x0000000080000000, 0x0000000100000000)
  region size 1024K, 21 young (21504K), 2 survivors (2048K)
 Metaspace       used 98388K, capacity 100896K, committed 101328K, reserved 1136640K
  class space    used 12829K, capacity 13752K, committed 13900K, reserved 1048576K
}

